{"/home/travis/build/npmtest/node-npmtest-arduino-firmata/test.js":{"path":"/home/travis/build/npmtest/node-npmtest-arduino-firmata/test.js","s":{"1":2,"2":2,"3":2,"4":2,"5":2,"6":2,"7":2,"8":1,"9":2,"10":2,"11":1,"12":1,"13":1,"14":1,"15":2,"16":2,"17":2,"18":2,"19":1,"20":1,"21":2,"22":2,"23":2,"24":1,"25":1,"26":1,"27":1,"28":1,"29":1,"30":1,"31":1,"32":1,"33":1,"34":1,"35":1,"36":1,"37":1,"38":1,"39":2,"40":2,"41":1,"42":2,"43":2,"44":1,"45":2,"46":2,"47":1,"48":2,"49":2,"50":1,"51":1,"52":1,"53":1,"54":1},"b":{"1":[2,1,1,1],"2":[1,1,1,1],"3":[1,1],"4":[1,1],"5":[1,1],"6":[1,1],"7":[1,1],"8":[1,1],"9":[1,1],"10":[1,1,1],"11":[1,1],"12":[1,1],"13":[1,1],"14":[1,1],"15":[1,1],"16":[1,1],"17":[1,1]},"f":{"1":2,"2":2,"3":2,"4":2,"5":2,"6":1,"7":1,"8":1,"9":2,"10":2,"11":2,"12":2,"13":1},"fnMap":{"1":{"name":"(anonymous_1)","line":12,"loc":{"start":{"line":12,"column":1},"end":{"line":12,"column":13}}},"2":{"name":"(anonymous_2)","line":19,"loc":{"start":{"line":19,"column":5},"end":{"line":19,"column":17}}},"3":{"name":"(anonymous_3)","line":23,"loc":{"start":{"line":23,"column":24},"end":{"line":23,"column":36}}},"4":{"name":"(anonymous_4)","line":61,"loc":{"start":{"line":61,"column":5},"end":{"line":61,"column":17}}},"5":{"name":"(anonymous_5)","line":82,"loc":{"start":{"line":82,"column":5},"end":{"line":82,"column":17}}},"6":{"name":"(anonymous_6)","line":91,"loc":{"start":{"line":91,"column":77},"end":{"line":94,"column":10}}},"7":{"name":"(anonymous_7)","line":112,"loc":{"start":{"line":112,"column":83},"end":{"line":115,"column":10}},"skip":true},"8":{"name":"(anonymous_8)","line":123,"loc":{"start":{"line":123,"column":77},"end":{"line":126,"column":10}},"skip":true},"9":{"name":"(anonymous_9)","line":139,"loc":{"start":{"line":139,"column":12},"end":{"line":139,"column":40}},"skip":true},"10":{"name":"(anonymous_10)","line":147,"loc":{"start":{"line":147,"column":77},"end":{"line":150,"column":10}},"skip":true},"11":{"name":"(anonymous_11)","line":158,"loc":{"start":{"line":158,"column":83},"end":{"line":161,"column":10}},"skip":true},"12":{"name":"(anonymous_12)","line":169,"loc":{"start":{"line":169,"column":79},"end":{"line":172,"column":10}},"skip":true},"13":{"name":"(anonymous_13)","line":180,"loc":{"start":{"line":180,"column":75},"end":{"line":183,"column":10}},"skip":true}},"statementMap":{"1":{"start":{"line":12,"column":0},"end":{"line":195,"column":5}},"2":{"start":{"line":14,"column":4},"end":{"line":14,"column":14}},"3":{"start":{"line":19,"column":4},"end":{"line":56,"column":9}},"4":{"start":{"line":21,"column":8},"end":{"line":21,"column":19}},"5":{"start":{"line":23,"column":8},"end":{"line":35,"column":13}},"6":{"start":{"line":24,"column":12},"end":{"line":34,"column":13}},"7":{"start":{"line":25,"column":16},"end":{"line":28,"column":30}},"8":{"start":{"line":30,"column":16},"end":{"line":33,"column":27}},"9":{"start":{"line":37,"column":8},"end":{"line":39,"column":21}},"10":{"start":{"line":40,"column":8},"end":{"line":53,"column":9}},"11":{"start":{"line":43,"column":12},"end":{"line":46,"column":14}},"12":{"start":{"line":47,"column":12},"end":{"line":47,"column":18}},"13":{"start":{"line":50,"column":12},"end":{"line":51,"column":46}},"14":{"start":{"line":52,"column":12},"end":{"line":52,"column":18}},"15":{"start":{"line":55,"column":8},"end":{"line":55,"column":35}},"16":{"start":{"line":61,"column":4},"end":{"line":63,"column":9}},"17":{"start":{"line":62,"column":8},"end":{"line":62,"column":15}},"18":{"start":{"line":64,"column":4},"end":{"line":77,"column":5}},"19":{"start":{"line":70,"column":8},"end":{"line":70,"column":14}},"20":{"start":{"line":76,"column":8},"end":{"line":76,"column":14}},"21":{"start":{"line":82,"column":4},"end":{"line":84,"column":9}},"22":{"start":{"line":83,"column":8},"end":{"line":83,"column":15}},"23":{"start":{"line":85,"column":4},"end":{"line":194,"column":5}},"24":{"start":{"line":91,"column":8},"end":{"line":99,"column":10}},"25":{"start":{"line":98,"column":12},"end":{"line":98,"column":35}},"26":{"start":{"line":102,"column":8},"end":{"line":104,"column":63}},"27":{"start":{"line":105,"column":8},"end":{"line":105,"column":14}},"28":{"start":{"line":112,"column":8},"end":{"line":121,"column":10},"skip":true},"29":{"start":{"line":119,"column":12},"end":{"line":119,"column":55},"skip":true},"30":{"start":{"line":120,"column":12},"end":{"line":120,"column":48},"skip":true},"31":{"start":{"line":123,"column":8},"end":{"line":136,"column":10},"skip":true},"32":{"start":{"line":130,"column":12},"end":{"line":130,"column":76},"skip":true},"33":{"start":{"line":131,"column":12},"end":{"line":131,"column":73},"skip":true},"34":{"start":{"line":132,"column":12},"end":{"line":132,"column":74},"skip":true},"35":{"start":{"line":133,"column":12},"end":{"line":133,"column":79},"skip":true},"36":{"start":{"line":134,"column":12},"end":{"line":134,"column":25},"skip":true},"37":{"start":{"line":135,"column":12},"end":{"line":135,"column":45},"skip":true},"38":{"start":{"line":138,"column":8},"end":{"line":145,"column":14},"skip":true},"39":{"start":{"line":143,"column":16},"end":{"line":143,"column":29},"skip":true},"40":{"start":{"line":144,"column":16},"end":{"line":144,"column":55},"skip":true},"41":{"start":{"line":147,"column":8},"end":{"line":156,"column":10},"skip":true},"42":{"start":{"line":154,"column":12},"end":{"line":154,"column":25},"skip":true},"43":{"start":{"line":155,"column":12},"end":{"line":155,"column":45},"skip":true},"44":{"start":{"line":158,"column":8},"end":{"line":167,"column":10},"skip":true},"45":{"start":{"line":165,"column":12},"end":{"line":165,"column":25},"skip":true},"46":{"start":{"line":166,"column":12},"end":{"line":166,"column":48},"skip":true},"47":{"start":{"line":169,"column":8},"end":{"line":178,"column":10},"skip":true},"48":{"start":{"line":176,"column":12},"end":{"line":176,"column":25},"skip":true},"49":{"start":{"line":177,"column":12},"end":{"line":177,"column":46},"skip":true},"50":{"start":{"line":180,"column":8},"end":{"line":189,"column":10},"skip":true},"51":{"start":{"line":187,"column":12},"end":{"line":187,"column":94},"skip":true},"52":{"start":{"line":188,"column":12},"end":{"line":188,"column":48},"skip":true},"53":{"start":{"line":192,"column":8},"end":{"line":192,"column":35},"skip":true},"54":{"start":{"line":193,"column":8},"end":{"line":193,"column":14},"skip":true}},"branchMap":{"1":{"line":25,"type":"binary-expr","locations":[{"start":{"line":25,"column":23},"end":{"line":25,"column":62}},{"start":{"line":26,"column":20},"end":{"line":26,"column":70}},{"start":{"line":27,"column":20},"end":{"line":27,"column":71}},{"start":{"line":28,"column":20},"end":{"line":28,"column":29}}]},"2":{"line":30,"type":"binary-expr","locations":[{"start":{"line":30,"column":23},"end":{"line":30,"column":37}},{"start":{"line":31,"column":20},"end":{"line":31,"column":61}},{"start":{"line":32,"column":20},"end":{"line":32,"column":70}},{"start":{"line":33,"column":20},"end":{"line":33,"column":26}}]},"3":{"line":37,"type":"cond-expr","locations":[{"start":{"line":38,"column":14},"end":{"line":38,"column":20}},{"start":{"line":39,"column":14},"end":{"line":39,"column":20}}]},"4":{"line":40,"type":"switch","locations":[{"start":{"line":42,"column":8},"end":{"line":47,"column":18}},{"start":{"line":49,"column":8},"end":{"line":52,"column":18}}]},"5":{"line":44,"type":"binary-expr","locations":[{"start":{"line":44,"column":16},"end":{"line":44,"column":44}},{"start":{"line":44,"column":48},"end":{"line":44,"column":66}}]},"6":{"line":50,"type":"binary-expr","locations":[{"start":{"line":50,"column":21},"end":{"line":50,"column":49}},{"start":{"line":50,"column":53},"end":{"line":50,"column":72}}]},"7":{"line":64,"type":"switch","locations":[{"start":{"line":69,"column":4},"end":{"line":70,"column":14}},{"start":{"line":75,"column":4},"end":{"line":76,"column":14}}]},"8":{"line":85,"type":"switch","locations":[{"start":{"line":90,"column":4},"end":{"line":105,"column":14}},{"start":{"line":111,"column":4},"end":{"line":193,"column":14},"skip":true}]},"9":{"line":91,"type":"binary-expr","locations":[{"start":{"line":91,"column":42},"end":{"line":91,"column":73}},{"start":{"line":91,"column":77},"end":{"line":99,"column":9}}]},"10":{"line":102,"type":"binary-expr","locations":[{"start":{"line":102,"column":18},"end":{"line":102,"column":32}},{"start":{"line":103,"column":12},"end":{"line":103,"column":53}},{"start":{"line":104,"column":12},"end":{"line":104,"column":61}}]},"11":{"line":112,"type":"binary-expr","locations":[{"start":{"line":112,"column":45},"end":{"line":112,"column":79},"skip":true},{"start":{"line":112,"column":83},"end":{"line":121,"column":9},"skip":true}]},"12":{"line":123,"type":"binary-expr","locations":[{"start":{"line":123,"column":42},"end":{"line":123,"column":73},"skip":true},{"start":{"line":123,"column":77},"end":{"line":136,"column":9},"skip":true}]},"13":{"line":138,"type":"binary-expr","locations":[{"start":{"line":138,"column":48},"end":{"line":138,"column":85},"skip":true},{"start":{"line":139,"column":12},"end":{"line":145,"column":13},"skip":true}]},"14":{"line":147,"type":"binary-expr","locations":[{"start":{"line":147,"column":42},"end":{"line":147,"column":73},"skip":true},{"start":{"line":147,"column":77},"end":{"line":156,"column":9},"skip":true}]},"15":{"line":158,"type":"binary-expr","locations":[{"start":{"line":158,"column":45},"end":{"line":158,"column":79},"skip":true},{"start":{"line":158,"column":83},"end":{"line":167,"column":9},"skip":true}]},"16":{"line":169,"type":"binary-expr","locations":[{"start":{"line":169,"column":43},"end":{"line":169,"column":75},"skip":true},{"start":{"line":169,"column":79},"end":{"line":178,"column":9},"skip":true}]},"17":{"line":180,"type":"binary-expr","locations":[{"start":{"line":180,"column":41},"end":{"line":180,"column":71},"skip":true},{"start":{"line":180,"column":75},"end":{"line":189,"column":9},"skip":true}]}},"code":["/* istanbul instrument in package npmtest_arduino_firmata */","/*jslint","    bitwise: true,","    browser: true,","    maxerr: 8,","    maxlen: 96,","    node: true,","    nomen: true,","    regexp: true,","    stupid: true","*/","(function () {","    'use strict';","    var local;","","","","    // run shared js-env code - pre-init","    (function () {","        // init local","        local = {};","        // init modeJs","        local.modeJs = (function () {","            try {","                return typeof navigator.userAgent === 'string' &&","                    typeof document.querySelector('body') === 'object' &&","                    typeof XMLHttpRequest.prototype.open === 'function' &&","                    'browser';","            } catch (errorCaughtBrowser) {","                return module.exports &&","                    typeof process.versions.node === 'string' &&","                    typeof require('http').createServer === 'function' &&","                    'node';","            }","        }());","        // init global","        local.global = local.modeJs === 'browser'","            ? window","            : global;","        switch (local.modeJs) {","        // re-init local from window.local","        case 'browser':","            local = local.global.utility2.objectSetDefault(","                local.global.utility2_rollup || local.global.local,","                local.global.utility2","            );","            break;","        // re-init local from example.js","        case 'node':","            local = (local.global.utility2_rollup || require('utility2'))","                .requireExampleJsFromReadme();","            break;","        }","        // export local","        local.global.local = local;","    }());","","","","    // run shared js-env code - function","    (function () {","        return;","    }());","    switch (local.modeJs) {","","","","    // run browser js-env code - function","    case 'browser':","        break;","","","","    // run node js-env code - function","    case 'node':","        break;","    }","","","","    // run shared js-env code - post-init","    (function () {","        return;","    }());","    switch (local.modeJs) {","","","","    // run browser js-env code - post-init","    case 'browser':","        local.testCase_browser_nullCase = local.testCase_browser_nullCase || function (","            options,","            onError","        ) {","        /*","         * this function will test browsers's null-case handling-behavior-behavior","         */","            onError(null, options);","        };","","        // run tests","        local.nop(local.modeTest &&","            document.querySelector('#testRunButton1') &&","            document.querySelector('#testRunButton1').click());","        break;","","","","    // run node js-env code - post-init","    /* istanbul ignore next */","    case 'node':","        local.testCase_buildApidoc_default = local.testCase_buildApidoc_default || function (","            options,","            onError","        ) {","        /*","         * this function will test buildApidoc's default handling-behavior-behavior","         */","            options = { modulePathList: module.paths };","            local.buildApidoc(options, onError);","        };","","        local.testCase_buildApp_default = local.testCase_buildApp_default || function (","            options,","            onError","        ) {","        /*","         * this function will test buildApp's default handling-behavior-behavior","         */","            local.testCase_buildReadme_default(options, local.onErrorThrow);","            local.testCase_buildLib_default(options, local.onErrorThrow);","            local.testCase_buildTest_default(options, local.onErrorThrow);","            local.testCase_buildCustomOrg_default(options, local.onErrorThrow);","            options = [];","            local.buildApp(options, onError);","        };","","        local.testCase_buildCustomOrg_default = local.testCase_buildCustomOrg_default ||","            function (options, onError) {","            /*","             * this function will test buildCustomOrg's default handling-behavior","             */","                options = {};","                local.buildCustomOrg(options, onError);","            };","","        local.testCase_buildLib_default = local.testCase_buildLib_default || function (","            options,","            onError","        ) {","        /*","         * this function will test buildLib's default handling-behavior","         */","            options = {};","            local.buildLib(options, onError);","        };","","        local.testCase_buildReadme_default = local.testCase_buildReadme_default || function (","            options,","            onError","        ) {","        /*","         * this function will test buildReadme's default handling-behavior-behavior","         */","            options = {};","            local.buildReadme(options, onError);","        };","","        local.testCase_buildTest_default = local.testCase_buildTest_default || function (","            options,","            onError","        ) {","        /*","         * this function will test buildTest's default handling-behavior","         */","            options = {};","            local.buildTest(options, onError);","        };","","        local.testCase_webpage_default = local.testCase_webpage_default || function (","            options,","            onError","        ) {","        /*","         * this function will test webpage's default handling-behavior","         */","            options = { modeCoverageMerge: true, url: local.serverLocalHost + '?modeTest=1' };","            local.browserTest(options, onError);","        };","","        // run test-server","        local.testRunServer(local);","        break;","    }","}());",""],"l":{"12":2,"14":2,"19":2,"21":2,"23":2,"24":2,"25":2,"30":1,"37":2,"40":2,"43":1,"47":1,"50":1,"52":1,"55":2,"61":2,"62":2,"64":2,"70":1,"76":1,"82":2,"83":2,"85":2,"91":1,"98":1,"102":1,"105":1,"112":1,"119":1,"120":1,"123":1,"130":1,"131":1,"132":1,"133":1,"134":1,"135":1,"138":1,"143":2,"144":2,"147":1,"154":2,"155":2,"158":1,"165":2,"166":2,"169":1,"176":2,"177":2,"180":1,"187":1,"188":1,"192":1,"193":1}},"/home/travis/build/npmtest/node-npmtest-arduino-firmata/lib.npmtest_arduino_firmata.js":{"path":"/home/travis/build/npmtest/node-npmtest-arduino-firmata/lib.npmtest_arduino_firmata.js","s":{"1":2,"2":2,"3":2,"4":2,"5":2,"6":2,"7":2,"8":1,"9":2,"10":2,"11":2,"12":2,"13":1,"14":1,"15":1,"16":1},"b":{"1":[2,1,1,1],"2":[1,1,1,1],"3":[1,1],"4":[2,2],"5":[1,1]},"f":{"1":2,"2":2,"3":2},"fnMap":{"1":{"name":"(anonymous_1)","line":12,"loc":{"start":{"line":12,"column":1},"end":{"line":12,"column":13}}},"2":{"name":"(anonymous_2)","line":19,"loc":{"start":{"line":19,"column":5},"end":{"line":19,"column":17}}},"3":{"name":"(anonymous_3)","line":23,"loc":{"start":{"line":23,"column":24},"end":{"line":23,"column":36}}}},"statementMap":{"1":{"start":{"line":12,"column":0},"end":{"line":53,"column":5}},"2":{"start":{"line":14,"column":4},"end":{"line":14,"column":14}},"3":{"start":{"line":19,"column":4},"end":{"line":52,"column":9}},"4":{"start":{"line":21,"column":8},"end":{"line":21,"column":19}},"5":{"start":{"line":23,"column":8},"end":{"line":35,"column":13}},"6":{"start":{"line":24,"column":12},"end":{"line":34,"column":13}},"7":{"start":{"line":25,"column":16},"end":{"line":28,"column":30}},"8":{"start":{"line":30,"column":16},"end":{"line":33,"column":27}},"9":{"start":{"line":37,"column":8},"end":{"line":39,"column":21}},"10":{"start":{"line":41,"column":8},"end":{"line":41,"column":54}},"11":{"start":{"line":43,"column":8},"end":{"line":43,"column":60}},"12":{"start":{"line":45,"column":8},"end":{"line":51,"column":9}},"13":{"start":{"line":46,"column":12},"end":{"line":46,"column":66}},"14":{"start":{"line":48,"column":12},"end":{"line":48,"column":35}},"15":{"start":{"line":49,"column":12},"end":{"line":49,"column":49}},"16":{"start":{"line":50,"column":12},"end":{"line":50,"column":43}}},"branchMap":{"1":{"line":25,"type":"binary-expr","locations":[{"start":{"line":25,"column":23},"end":{"line":25,"column":62}},{"start":{"line":26,"column":20},"end":{"line":26,"column":70}},{"start":{"line":27,"column":20},"end":{"line":27,"column":71}},{"start":{"line":28,"column":20},"end":{"line":28,"column":29}}]},"2":{"line":30,"type":"binary-expr","locations":[{"start":{"line":30,"column":23},"end":{"line":30,"column":37}},{"start":{"line":31,"column":20},"end":{"line":31,"column":61}},{"start":{"line":32,"column":20},"end":{"line":32,"column":70}},{"start":{"line":33,"column":20},"end":{"line":33,"column":26}}]},"3":{"line":37,"type":"cond-expr","locations":[{"start":{"line":38,"column":14},"end":{"line":38,"column":20}},{"start":{"line":39,"column":14},"end":{"line":39,"column":20}}]},"4":{"line":41,"type":"binary-expr","locations":[{"start":{"line":41,"column":16},"end":{"line":41,"column":44}},{"start":{"line":41,"column":48},"end":{"line":41,"column":53}}]},"5":{"line":45,"type":"if","locations":[{"start":{"line":45,"column":8},"end":{"line":45,"column":8}},{"start":{"line":45,"column":8},"end":{"line":45,"column":8}}]}},"code":["/* istanbul instrument in package npmtest_arduino_firmata */","/*jslint","    bitwise: true,","    browser: true,","    maxerr: 8,","    maxlen: 96,","    node: true,","    nomen: true,","    regexp: true,","    stupid: true","*/","(function () {","    'use strict';","    var local;","","","","    // run shared js-env code - pre-init","    (function () {","        // init local","        local = {};","        // init modeJs","        local.modeJs = (function () {","            try {","                return typeof navigator.userAgent === 'string' &&","                    typeof document.querySelector('body') === 'object' &&","                    typeof XMLHttpRequest.prototype.open === 'function' &&","                    'browser';","            } catch (errorCaughtBrowser) {","                return module.exports &&","                    typeof process.versions.node === 'string' &&","                    typeof require('http').createServer === 'function' &&","                    'node';","            }","        }());","        // init global","        local.global = local.modeJs === 'browser'","            ? window","            : global;","        // init utility2_rollup","        local = local.global.utility2_rollup || local;","        // init lib","        local.local = local.npmtest_arduino_firmata = local;","        // init exports","        if (local.modeJs === 'browser') {","            local.global.utility2_npmtest_arduino_firmata = local;","        } else {","            module.exports = local;","            module.exports.__dirname = __dirname;","            module.exports.module = module;","        }","    }());","}());",""],"l":{"12":2,"14":2,"19":2,"21":2,"23":2,"24":2,"25":2,"30":1,"37":2,"41":2,"43":2,"45":2,"46":1,"48":1,"49":1,"50":1}},"/home/travis/build/npmtest/node-npmtest-arduino-firmata/example.js":{"path":"/home/travis/build/npmtest/node-npmtest-arduino-firmata/example.js","s":{"1":2,"2":2,"3":2,"4":2,"5":2,"6":2,"7":2,"8":1,"9":2,"10":2,"11":2,"12":2,"13":1,"14":2,"15":2,"16":2,"17":2,"18":2,"19":0,"20":2,"21":1,"22":1,"23":1,"24":1,"25":1,"26":0,"27":0,"28":1,"29":1,"30":2,"31":0,"32":0,"33":0,"34":1,"35":2,"36":2,"37":3,"38":3,"39":3,"40":3,"41":0,"42":3,"43":3,"44":3,"45":1,"46":3,"47":1,"48":1,"49":1,"50":1,"51":1,"52":1,"53":1,"54":1,"55":1,"56":1,"57":0,"58":1,"59":6,"60":6,"61":1,"62":2,"63":0,"64":2,"65":1,"66":1,"67":0,"68":0,"69":0,"70":0,"71":0,"72":0,"73":0,"74":0,"75":0,"76":0,"77":0,"78":0,"79":0,"80":0,"81":0,"82":0,"83":0},"b":{"1":[2,1,1,1],"2":[1,1,1,1],"3":[1,1],"4":[2,2],"5":[1,1],"6":[1,1],"7":[2,0],"8":[2,1,1,1,1,1],"9":[0,2,0],"10":[1,1],"11":[2,1,1],"12":[1,0],"13":[0,2],"14":[2,0,0,0,0,0,0],"15":[0,3],"16":[3,0],"17":[1,1],"18":[0,1],"19":[1,2,0,2],"20":[1,0],"21":[1,1],"22":[0,0],"23":[0,0],"24":[0,0],"25":[0,0],"26":[0,0],"27":[0,0],"28":[0,0]},"f":{"1":2,"2":2,"3":2,"4":2,"5":2,"6":2,"7":3,"8":3,"9":3,"10":1,"11":6,"12":0},"fnMap":{"1":{"name":"(anonymous_1)","line":26,"loc":{"start":{"line":26,"column":1},"end":{"line":26,"column":13}}},"2":{"name":"(anonymous_2)","line":33,"loc":{"start":{"line":33,"column":5},"end":{"line":33,"column":17}}},"3":{"name":"(anonymous_3)","line":37,"loc":{"start":{"line":37,"column":24},"end":{"line":37,"column":36}}},"4":{"name":"(anonymous_4)","line":69,"loc":{"start":{"line":69,"column":31},"end":{"line":69,"column":48}},"skip":true},"5":{"name":"(anonymous_5)","line":78,"loc":{"start":{"line":78,"column":26},"end":{"line":78,"column":45}},"skip":true},"6":{"name":"(anonymous_6)","line":123,"loc":{"start":{"line":123,"column":33},"end":{"line":123,"column":48}},"skip":true},"7":{"name":"(anonymous_7)","line":125,"loc":{"start":{"line":125,"column":27},"end":{"line":125,"column":39}},"skip":true},"8":{"name":"(anonymous_8)","line":133,"loc":{"start":{"line":133,"column":59},"end":{"line":133,"column":74}},"skip":true},"9":{"name":"(anonymous_9)","line":143,"loc":{"start":{"line":143,"column":45},"end":{"line":143,"column":62}},"skip":true},"10":{"name":"(anonymous_10)","line":144,"loc":{"start":{"line":144,"column":73},"end":{"line":144,"column":92}},"skip":true},"11":{"name":"(anonymous_11)","line":272,"loc":{"start":{"line":272,"column":51},"end":{"line":272,"column":77}},"skip":true},"12":{"name":"(anonymous_12)","line":315,"loc":{"start":{"line":315,"column":32},"end":{"line":315,"column":61}},"skip":true}},"statementMap":{"1":{"start":{"line":26,"column":0},"end":{"line":326,"column":5}},"2":{"start":{"line":28,"column":4},"end":{"line":28,"column":14}},"3":{"start":{"line":33,"column":4},"end":{"line":60,"column":9}},"4":{"start":{"line":35,"column":8},"end":{"line":35,"column":19}},"5":{"start":{"line":37,"column":8},"end":{"line":49,"column":13}},"6":{"start":{"line":38,"column":12},"end":{"line":48,"column":13}},"7":{"start":{"line":39,"column":16},"end":{"line":42,"column":30}},"8":{"start":{"line":44,"column":16},"end":{"line":47,"column":27}},"9":{"start":{"line":51,"column":8},"end":{"line":53,"column":21}},"10":{"start":{"line":55,"column":8},"end":{"line":57,"column":45}},"11":{"start":{"line":59,"column":8},"end":{"line":59,"column":35}},"12":{"start":{"line":61,"column":4},"end":{"line":325,"column":5}},"13":{"start":{"line":69,"column":8},"end":{"line":121,"column":10},"skip":true},"14":{"start":{"line":70,"column":12},"end":{"line":88,"column":13},"skip":true},"15":{"start":{"line":76,"column":16},"end":{"line":87,"column":19},"skip":true},"16":{"start":{"line":79,"column":20},"end":{"line":86,"column":21},"skip":true},"17":{"start":{"line":82,"column":24},"end":{"line":82,"column":43},"skip":true},"18":{"start":{"line":83,"column":24},"end":{"line":83,"column":30},"skip":true},"19":{"start":{"line":85,"column":24},"end":{"line":85,"column":49},"skip":true},"20":{"start":{"line":89,"column":12},"end":{"line":107,"column":13},"skip":true},"21":{"start":{"line":92,"column":16},"end":{"line":102,"column":17},"skip":true},"22":{"start":{"line":93,"column":20},"end":{"line":93,"column":86},"skip":true},"23":{"start":{"line":94,"column":20},"end":{"line":95,"column":45},"skip":true},"24":{"start":{"line":96,"column":20},"end":{"line":96,"column":42},"skip":true},"25":{"start":{"line":97,"column":20},"end":{"line":97,"column":48},"skip":true},"26":{"start":{"line":100,"column":20},"end":{"line":100,"column":85},"skip":true},"27":{"start":{"line":101,"column":20},"end":{"line":101,"column":96},"skip":true},"28":{"start":{"line":103,"column":16},"end":{"line":103,"column":22},"skip":true},"29":{"start":{"line":106,"column":16},"end":{"line":106,"column":22},"skip":true},"30":{"start":{"line":108,"column":12},"end":{"line":120,"column":13},"skip":true},"31":{"start":{"line":114,"column":16},"end":{"line":119,"column":17},"skip":true},"32":{"start":{"line":116,"column":20},"end":{"line":116,"column":78},"skip":true},"33":{"start":{"line":118,"column":20},"end":{"line":118,"column":47},"skip":true},"34":{"start":{"line":123,"column":8},"end":{"line":141,"column":11},"skip":true},"35":{"start":{"line":124,"column":12},"end":{"line":124,"column":54},"skip":true},"36":{"start":{"line":125,"column":12},"end":{"line":140,"column":14},"skip":true},"37":{"start":{"line":126,"column":16},"end":{"line":126,"column":28},"skip":true},"38":{"start":{"line":127,"column":16},"end":{"line":127,"column":69},"skip":true},"39":{"start":{"line":128,"column":16},"end":{"line":128,"column":75},"skip":true},"40":{"start":{"line":129,"column":16},"end":{"line":131,"column":17},"skip":true},"41":{"start":{"line":130,"column":20},"end":{"line":130,"column":27},"skip":true},"42":{"start":{"line":133,"column":16},"end":{"line":137,"column":36},"skip":true},"43":{"start":{"line":134,"column":20},"end":{"line":136,"column":55},"skip":true},"44":{"start":{"line":139,"column":16},"end":{"line":139,"column":57},"skip":true},"45":{"start":{"line":143,"column":8},"end":{"line":147,"column":11},"skip":true},"46":{"start":{"line":144,"column":12},"end":{"line":146,"column":15},"skip":true},"47":{"start":{"line":145,"column":16},"end":{"line":145,"column":70},"skip":true},"48":{"start":{"line":149,"column":8},"end":{"line":149,"column":31},"skip":true},"49":{"start":{"line":150,"column":8},"end":{"line":150,"column":14},"skip":true},"50":{"start":{"line":158,"column":8},"end":{"line":158,"column":31},"skip":true},"51":{"start":{"line":160,"column":8},"end":{"line":160,"column":33},"skip":true},"52":{"start":{"line":161,"column":8},"end":{"line":161,"column":37},"skip":true},"53":{"start":{"line":162,"column":8},"end":{"line":162,"column":35},"skip":true},"54":{"start":{"line":164,"column":8},"end":{"line":164,"column":50},"skip":true},"55":{"start":{"line":166,"column":8},"end":{"line":256,"column":2},"skip":true},"56":{"start":{"line":258,"column":8},"end":{"line":286,"column":9},"skip":true},"57":{"start":{"line":259,"column":12},"end":{"line":269,"column":14},"skip":true},"58":{"start":{"line":271,"column":12},"end":{"line":285,"column":19},"skip":true},"59":{"start":{"line":274,"column":20},"end":{"line":274,"column":35},"skip":true},"60":{"start":{"line":275,"column":20},"end":{"line":284,"column":21},"skip":true},"61":{"start":{"line":277,"column":24},"end":{"line":277,"column":64},"skip":true},"62":{"start":{"line":279,"column":24},"end":{"line":279,"column":40},"skip":true},"63":{"start":{"line":281,"column":24},"end":{"line":281,"column":40},"skip":true},"64":{"start":{"line":283,"column":24},"end":{"line":283,"column":39},"skip":true},"65":{"start":{"line":288,"column":8},"end":{"line":290,"column":9},"skip":true},"66":{"start":{"line":289,"column":12},"end":{"line":289,"column":18},"skip":true},"67":{"start":{"line":291,"column":8},"end":{"line":293,"column":54},"skip":true},"68":{"start":{"line":296,"column":8},"end":{"line":301,"column":37},"skip":true},"69":{"start":{"line":303,"column":8},"end":{"line":303,"column":82},"skip":true},"70":{"start":{"line":306,"column":8},"end":{"line":308,"column":9},"skip":true},"71":{"start":{"line":307,"column":12},"end":{"line":307,"column":82},"skip":true},"72":{"start":{"line":310,"column":8},"end":{"line":312,"column":9},"skip":true},"73":{"start":{"line":311,"column":12},"end":{"line":311,"column":18},"skip":true},"74":{"start":{"line":313,"column":8},"end":{"line":313,"column":54},"skip":true},"75":{"start":{"line":314,"column":8},"end":{"line":314,"column":69},"skip":true},"76":{"start":{"line":315,"column":8},"end":{"line":323,"column":36},"skip":true},"77":{"start":{"line":316,"column":12},"end":{"line":316,"column":61},"skip":true},"78":{"start":{"line":317,"column":12},"end":{"line":320,"column":13},"skip":true},"79":{"start":{"line":318,"column":16},"end":{"line":318,"column":75},"skip":true},"80":{"start":{"line":319,"column":16},"end":{"line":319,"column":23},"skip":true},"81":{"start":{"line":321,"column":12},"end":{"line":321,"column":38},"skip":true},"82":{"start":{"line":322,"column":12},"end":{"line":322,"column":27},"skip":true},"83":{"start":{"line":324,"column":8},"end":{"line":324,"column":14},"skip":true}},"branchMap":{"1":{"line":39,"type":"binary-expr","locations":[{"start":{"line":39,"column":23},"end":{"line":39,"column":62}},{"start":{"line":40,"column":20},"end":{"line":40,"column":70}},{"start":{"line":41,"column":20},"end":{"line":41,"column":71}},{"start":{"line":42,"column":20},"end":{"line":42,"column":29}}]},"2":{"line":44,"type":"binary-expr","locations":[{"start":{"line":44,"column":23},"end":{"line":44,"column":37}},{"start":{"line":45,"column":20},"end":{"line":45,"column":61}},{"start":{"line":46,"column":20},"end":{"line":46,"column":70}},{"start":{"line":47,"column":20},"end":{"line":47,"column":26}}]},"3":{"line":51,"type":"cond-expr","locations":[{"start":{"line":52,"column":14},"end":{"line":52,"column":20}},{"start":{"line":53,"column":14},"end":{"line":53,"column":20}}]},"4":{"line":55,"type":"binary-expr","locations":[{"start":{"line":55,"column":16},"end":{"line":55,"column":44}},{"start":{"line":55,"column":49},"end":{"line":57,"column":43}}]},"5":{"line":55,"type":"cond-expr","locations":[{"start":{"line":56,"column":14},"end":{"line":56,"column":59}},{"start":{"line":57,"column":14},"end":{"line":57,"column":43}}]},"6":{"line":61,"type":"switch","locations":[{"start":{"line":68,"column":4},"end":{"line":150,"column":14},"skip":true},{"start":{"line":156,"column":4},"end":{"line":324,"column":14},"skip":true}]},"7":{"line":70,"type":"if","locations":[{"start":{"line":70,"column":12},"end":{"line":70,"column":12},"skip":true},{"start":{"line":70,"column":12},"end":{"line":70,"column":12},"skip":true}]},"8":{"line":70,"type":"binary-expr","locations":[{"start":{"line":70,"column":16},"end":{"line":70,"column":22},"skip":true},{"start":{"line":70,"column":27},"end":{"line":70,"column":32},"skip":true},{"start":{"line":71,"column":20},"end":{"line":71,"column":39},"skip":true},{"start":{"line":72,"column":20},"end":{"line":72,"column":49},"skip":true},{"start":{"line":73,"column":20},"end":{"line":73,"column":58},"skip":true},{"start":{"line":74,"column":20},"end":{"line":74,"column":69},"skip":true}]},"9":{"line":79,"type":"switch","locations":[{"start":{"line":80,"column":20},"end":{"line":80,"column":33},"skip":true},{"start":{"line":81,"column":20},"end":{"line":83,"column":30},"skip":true},{"start":{"line":84,"column":20},"end":{"line":85,"column":49},"skip":true}]},"10":{"line":89,"type":"switch","locations":[{"start":{"line":90,"column":12},"end":{"line":103,"column":22},"skip":true},{"start":{"line":105,"column":12},"end":{"line":106,"column":22},"skip":true}]},"11":{"line":89,"type":"binary-expr","locations":[{"start":{"line":89,"column":20},"end":{"line":89,"column":25},"skip":true},{"start":{"line":89,"column":29},"end":{"line":89,"column":48},"skip":true},{"start":{"line":89,"column":52},"end":{"line":89,"column":74},"skip":true}]},"12":{"line":92,"type":"if","locations":[{"start":{"line":92,"column":16},"end":{"line":92,"column":16},"skip":true},{"start":{"line":92,"column":16},"end":{"line":92,"column":16},"skip":true}]},"13":{"line":108,"type":"if","locations":[{"start":{"line":108,"column":12},"end":{"line":108,"column":12},"skip":true},{"start":{"line":108,"column":12},"end":{"line":108,"column":12},"skip":true}]},"14":{"line":108,"type":"binary-expr","locations":[{"start":{"line":108,"column":16},"end":{"line":108,"column":61},"skip":true},{"start":{"line":108,"column":66},"end":{"line":108,"column":72},"skip":true},{"start":{"line":108,"column":77},"end":{"line":108,"column":82},"skip":true},{"start":{"line":109,"column":20},"end":{"line":109,"column":39},"skip":true},{"start":{"line":110,"column":20},"end":{"line":110,"column":49},"skip":true},{"start":{"line":111,"column":20},"end":{"line":111,"column":58},"skip":true},{"start":{"line":112,"column":20},"end":{"line":112,"column":68},"skip":true}]},"15":{"line":129,"type":"if","locations":[{"start":{"line":129,"column":16},"end":{"line":129,"column":16},"skip":true},{"start":{"line":129,"column":16},"end":{"line":129,"column":16},"skip":true}]},"16":{"line":134,"type":"cond-expr","locations":[{"start":{"line":135,"column":26},"end":{"line":135,"column":29},"skip":true},{"start":{"line":136,"column":26},"end":{"line":136,"column":54},"skip":true}]},"17":{"line":164,"type":"binary-expr","locations":[{"start":{"line":164,"column":27},"end":{"line":164,"column":43},"skip":true},{"start":{"line":164,"column":47},"end":{"line":164,"column":49},"skip":true}]},"18":{"line":258,"type":"if","locations":[{"start":{"line":258,"column":8},"end":{"line":258,"column":8},"skip":true},{"start":{"line":258,"column":8},"end":{"line":258,"column":8},"skip":true}]},"19":{"line":275,"type":"switch","locations":[{"start":{"line":276,"column":20},"end":{"line":277,"column":64},"skip":true},{"start":{"line":278,"column":20},"end":{"line":279,"column":40},"skip":true},{"start":{"line":280,"column":20},"end":{"line":281,"column":40},"skip":true},{"start":{"line":282,"column":20},"end":{"line":283,"column":39},"skip":true}]},"20":{"line":288,"type":"if","locations":[{"start":{"line":288,"column":8},"end":{"line":288,"column":8},"skip":true},{"start":{"line":288,"column":8},"end":{"line":288,"column":8},"skip":true}]},"21":{"line":288,"type":"binary-expr","locations":[{"start":{"line":288,"column":12},"end":{"line":288,"column":40},"skip":true},{"start":{"line":288,"column":44},"end":{"line":288,"column":67},"skip":true}]},"22":{"line":292,"type":"binary-expr","locations":[{"start":{"line":292,"column":12},"end":{"line":292,"column":50},"skip":true},{"start":{"line":293,"column":12},"end":{"line":293,"column":53},"skip":true}]},"23":{"line":297,"type":"binary-expr","locations":[{"start":{"line":297,"column":12},"end":{"line":297,"column":73},"skip":true},{"start":{"line":298,"column":12},"end":{"line":301,"column":36},"skip":true}]},"24":{"line":303,"type":"binary-expr","locations":[{"start":{"line":303,"column":43},"end":{"line":303,"column":75},"skip":true},{"start":{"line":303,"column":79},"end":{"line":303,"column":81},"skip":true}]},"25":{"line":306,"type":"if","locations":[{"start":{"line":306,"column":8},"end":{"line":306,"column":8},"skip":true},{"start":{"line":306,"column":8},"end":{"line":306,"column":8},"skip":true}]},"26":{"line":310,"type":"if","locations":[{"start":{"line":310,"column":8},"end":{"line":310,"column":8},"skip":true},{"start":{"line":310,"column":8},"end":{"line":310,"column":8},"skip":true}]},"27":{"line":313,"type":"binary-expr","locations":[{"start":{"line":313,"column":27},"end":{"line":313,"column":43},"skip":true},{"start":{"line":313,"column":47},"end":{"line":313,"column":53},"skip":true}]},"28":{"line":317,"type":"if","locations":[{"start":{"line":317,"column":12},"end":{"line":317,"column":12},"skip":true},{"start":{"line":317,"column":12},"end":{"line":317,"column":12},"skip":true}]}},"code":["/*","example.js","","quickstart example","","instruction","    1. save this script as example.js","    2. run the shell command:","        $ npm install npmtest-arduino-firmata && PORT=8081 node example.js","    3. play with the browser-demo on http://127.0.0.1:8081","*/","","","","/* istanbul instrument in package npmtest_arduino_firmata */","/*jslint","    bitwise: true,","    browser: true,","    maxerr: 8,","    maxlen: 96,","    node: true,","    nomen: true,","    regexp: true,","    stupid: true","*/","(function () {","    'use strict';","    var local;","","","","    // run shared js-env code - pre-init","    (function () {","        // init local","        local = {};","        // init modeJs","        local.modeJs = (function () {","            try {","                return typeof navigator.userAgent === 'string' &&","                    typeof document.querySelector('body') === 'object' &&","                    typeof XMLHttpRequest.prototype.open === 'function' &&","                    'browser';","            } catch (errorCaughtBrowser) {","                return module.exports &&","                    typeof process.versions.node === 'string' &&","                    typeof require('http').createServer === 'function' &&","                    'node';","            }","        }());","        // init global","        local.global = local.modeJs === 'browser'","            ? window","            : global;","        // init utility2_rollup","        local = local.global.utility2_rollup || (local.modeJs === 'browser'","            ? local.global.utility2_npmtest_arduino_firmata","            : global.utility2_moduleExports);","        // export local","        local.global.local = local;","    }());","    switch (local.modeJs) {","","","","    // post-init","    // run browser js-env code - post-init","    /* istanbul ignore next */","    case 'browser':","        local.testRunBrowser = function (event) {","            if (!event || (event &&","                    event.currentTarget &&","                    event.currentTarget.className &&","                    event.currentTarget.className.includes &&","                    event.currentTarget.className.includes('onreset'))) {","                // reset output","                Array.from(","                    document.querySelectorAll('body > .resettable')","                ).forEach(function (element) {","                    switch (element.tagName) {","                    case 'INPUT':","                    case 'TEXTAREA':","                        element.value = '';","                        break;","                    default:","                        element.textContent = '';","                    }","                });","            }","            switch (event && event.currentTarget && event.currentTarget.id) {","            case 'testRunButton1':","                // show tests","                if (document.querySelector('#testReportDiv1').style.display === 'none') {","                    document.querySelector('#testReportDiv1').style.display = 'block';","                    document.querySelector('#testRunButton1').textContent =","                        'hide internal test';","                    local.modeTest = true;","                    local.testRunDefault(local);","                // hide tests","                } else {","                    document.querySelector('#testReportDiv1').style.display = 'none';","                    document.querySelector('#testRunButton1').textContent = 'run internal test';","                }","                break;","            // custom-case","            default:","                break;","            }","            if (document.querySelector('#inputTextareaEval1') && (!event || (event &&","                    event.currentTarget &&","                    event.currentTarget.className &&","                    event.currentTarget.className.includes &&","                    event.currentTarget.className.includes('oneval')))) {","                // try to eval input-code","                try {","                    /*jslint evil: true*/","                    eval(document.querySelector('#inputTextareaEval1').value);","                } catch (errorCaught) {","                    console.error(errorCaught);","                }","            }","        };","        // log stderr and stdout to #outputTextareaStdout1","        ['error', 'log'].forEach(function (key) {","            console[key + '_original'] = console[key];","            console[key] = function () {","                var element;","                console[key + '_original'].apply(console, arguments);","                element = document.querySelector('#outputTextareaStdout1');","                if (!element) {","                    return;","                }","                // append text to #outputTextareaStdout1","                element.value += Array.from(arguments).map(function (arg) {","                    return typeof arg === 'string'","                        ? arg","                        : JSON.stringify(arg, null, 4);","                }).join(' ') + '\\n';","                // scroll textarea to bottom","                element.scrollTop = element.scrollHeight;","            };","        });","        // init event-handling","        ['change', 'click', 'keyup'].forEach(function (event) {","            Array.from(document.querySelectorAll('.on' + event)).forEach(function (element) {","                element.addEventListener(event, local.testRunBrowser);","            });","        });","        // run tests","        local.testRunBrowser();","        break;","","","","    // run node js-env code - post-init","    /* istanbul ignore next */","    case 'node':","        // export local","        module.exports = local;","        // require modules","        local.fs = require('fs');","        local.http = require('http');","        local.url = require('url');","        // init assets","        local.assetsDict = local.assetsDict || {};","        /* jslint-ignore-begin */","        local.assetsDict['/assets.index.template.html'] = '\\","<!doctype html>\\n\\","<html lang=\"en\">\\n\\","<head>\\n\\","<meta charset=\"UTF-8\">\\n\\","<meta name=\"viewport\" content=\"width=device-width, initial-scale=1\">\\n\\","<title>{{env.npm_package_name}} (v{{env.npm_package_version}})</title>\\n\\","<style>\\n\\","/*csslint\\n\\","    box-sizing: false,\\n\\","    universal-selector: false\\n\\","*/\\n\\","* {\\n\\","    box-sizing: border-box;\\n\\","}\\n\\","body {\\n\\","    background: #dde;\\n\\","    font-family: Arial, Helvetica, sans-serif;\\n\\","    margin: 2rem;\\n\\","}\\n\\","body > * {\\n\\","    margin-bottom: 1rem;\\n\\","}\\n\\",".utility2FooterDiv {\\n\\","    margin-top: 20px;\\n\\","    text-align: center;\\n\\","}\\n\\","</style>\\n\\","<style>\\n\\","/*csslint\\n\\","*/\\n\\","textarea {\\n\\","    font-family: monospace;\\n\\","    height: 10rem;\\n\\","    width: 100%;\\n\\","}\\n\\","textarea[readonly] {\\n\\","    background: #ddd;\\n\\","}\\n\\","</style>\\n\\","</head>\\n\\","<body>\\n\\","<!-- utility2-comment\\n\\","<div id=\"ajaxProgressDiv1\" style=\"background: #d00; height: 2px; left: 0; margin: 0; padding: 0; position: fixed; top: 0; transition: background 0.5s, width 1.5s; width: 25%;\"></div>\\n\\","utility2-comment -->\\n\\","<h1>\\n\\","<!-- utility2-comment\\n\\","    <a\\n\\","        {{#if env.npm_package_homepage}}\\n\\","        href=\"{{env.npm_package_homepage}}\"\\n\\","        {{/if env.npm_package_homepage}}\\n\\","        target=\"_blank\"\\n\\","    >\\n\\","utility2-comment -->\\n\\","        {{env.npm_package_name}} (v{{env.npm_package_version}})\\n\\","<!-- utility2-comment\\n\\","    </a>\\n\\","utility2-comment -->\\n\\","</h1>\\n\\","<h3>{{env.npm_package_description}}</h3>\\n\\","<!-- utility2-comment\\n\\","<h4><a download href=\"assets.app.js\">download standalone app</a></h4>\\n\\","<button class=\"onclick onreset\" id=\"testRunButton1\">run internal test</button><br>\\n\\","<div id=\"testReportDiv1\" style=\"display: none;\"></div>\\n\\","utility2-comment -->\\n\\","\\n\\","\\n\\","\\n\\","<label>stderr and stdout</label>\\n\\","<textarea class=\"resettable\" id=\"outputTextareaStdout1\" readonly></textarea>\\n\\","<!-- utility2-comment\\n\\","{{#if isRollup}}\\n\\","<script src=\"assets.app.js\"></script>\\n\\","{{#unless isRollup}}\\n\\","utility2-comment -->\\n\\","<script src=\"assets.utility2.rollup.js\"></script>\\n\\","<script src=\"jsonp.utility2._stateInit?callback=window.utility2._stateInit\"></script>\\n\\","<script src=\"assets.npmtest_arduino_firmata.rollup.js\"></script>\\n\\","<script src=\"assets.example.js\"></script>\\n\\","<script src=\"assets.test.js\"></script>\\n\\","<!-- utility2-comment\\n\\","{{/if isRollup}}\\n\\","utility2-comment -->\\n\\","<div class=\"utility2FooterDiv\">\\n\\","    [ this app was created with\\n\\","    <a href=\"https://github.com/kaizhu256/node-utility2\" target=\"_blank\">utility2</a>\\n\\","    ]\\n\\","</div>\\n\\","</body>\\n\\","</html>\\n\\","';","        /* jslint-ignore-end */","        if (local.templateRender) {","            local.assetsDict['/'] = local.templateRender(","                local.assetsDict['/assets.index.template.html'],","                {","                    env: local.objectSetDefault(local.env, {","                        npm_package_description: 'the greatest app in the world!',","                        npm_package_name: 'my-app',","                        npm_package_nameAlias: 'my_app',","                        npm_package_version: '0.0.1'","                    })","                }","            );","        } else {","            local.assetsDict['/'] = local.assetsDict['/assets.index.template.html']","                .replace((/\\{\\{env\\.(\\w+?)\\}\\}/g), function (match0, match1) {","                    // jslint-hack","                    String(match0);","                    switch (match1) {","                    case 'npm_package_description':","                        return 'the greatest app in the world!';","                    case 'npm_package_name':","                        return 'my-app';","                    case 'npm_package_nameAlias':","                        return 'my_app';","                    case 'npm_package_version':","                        return '0.0.1';","                    }","                });","        }","        // run the cli","        if (local.global.utility2_rollup || module !== require.main) {","            break;","        }","        local.assetsDict['/assets.example.js'] =","            local.assetsDict['/assets.example.js'] ||","            local.fs.readFileSync(__filename, 'utf8');","        // bug-workaround - long $npm_package_buildCustomOrg","        /* jslint-ignore-begin */","        local.assetsDict['/assets.npmtest_arduino_firmata.rollup.js'] =","            local.assetsDict['/assets.npmtest_arduino_firmata.rollup.js'] ||","            local.fs.readFileSync(","                local.npmtest_arduino_firmata.__dirname + '/lib.npmtest_arduino_firmata.js',","                'utf8'","            ).replace((/^#!/), '//');","        /* jslint-ignore-end */","        local.assetsDict['/favicon.ico'] = local.assetsDict['/favicon.ico'] || '';","        // if $npm_config_timeout_exit exists,","        // then exit this process after $npm_config_timeout_exit ms","        if (Number(process.env.npm_config_timeout_exit)) {","            setTimeout(process.exit, Number(process.env.npm_config_timeout_exit));","        }","        // start server","        if (local.global.utility2_serverHttp1) {","            break;","        }","        process.env.PORT = process.env.PORT || '8081';","        console.error('server starting on port ' + process.env.PORT);","        local.http.createServer(function (request, response) {","            request.urlParsed = local.url.parse(request.url);","            if (local.assetsDict[request.urlParsed.pathname] !== undefined) {","                response.end(local.assetsDict[request.urlParsed.pathname]);","                return;","            }","            response.statusCode = 404;","            response.end();","        }).listen(process.env.PORT);","        break;","    }","}());",""],"l":{"26":2,"28":2,"33":2,"35":2,"37":2,"38":2,"39":2,"44":1,"51":2,"55":2,"59":2,"61":2,"69":1,"70":2,"76":2,"79":2,"82":2,"83":2,"85":1,"89":2,"92":1,"93":1,"94":1,"96":1,"97":1,"100":1,"101":1,"103":1,"106":1,"108":2,"114":1,"116":1,"118":1,"123":1,"124":2,"125":2,"126":3,"127":3,"128":3,"129":3,"130":1,"133":3,"134":3,"139":3,"143":1,"144":3,"145":1,"149":1,"150":1,"158":1,"160":1,"161":1,"162":1,"164":1,"166":1,"258":1,"259":1,"271":1,"274":6,"275":6,"277":1,"279":2,"281":1,"283":2,"288":1,"289":1,"291":1,"296":1,"303":1,"306":1,"307":1,"310":1,"311":1,"313":1,"314":1,"315":1,"316":1,"317":1,"318":1,"319":1,"321":1,"322":1,"324":1}},"/home/travis/build/npmtest/node-npmtest-arduino-firmata/node_modules/arduino-firmata/lib/arduino-firmata.js":{"path":"/home/travis/build/npmtest/node-npmtest-arduino-firmata/node_modules/arduino-firmata/lib/arduino-firmata.js","s":{"1":1,"2":1,"3":1,"4":1,"5":1,"6":1,"7":1,"8":1,"9":1,"10":1,"11":1,"12":1,"13":1,"14":1,"15":1,"16":1,"17":1,"18":1,"19":1,"20":1,"21":1,"22":1,"23":1,"24":1,"25":1,"26":1,"27":1,"28":1,"29":1,"30":1,"31":1,"32":1,"33":1,"34":1,"35":1,"36":1,"37":1,"38":0,"39":0,"40":0,"41":0,"42":0,"43":0,"44":0,"45":0,"46":0,"47":0,"48":1,"49":0,"50":0,"51":0,"52":0,"53":0,"54":0,"55":0,"56":0,"57":0,"58":0,"59":0,"60":1,"61":0,"62":1,"63":0,"64":0,"65":0,"66":0,"67":0,"68":0,"69":0,"70":0,"71":0,"72":0,"73":0,"74":0,"75":0,"76":0,"77":0,"78":0,"79":0,"80":0,"81":0,"82":0,"83":0,"84":0,"85":0,"86":0,"87":0,"88":0,"89":0,"90":0,"91":0,"92":0,"93":0,"94":0,"95":0,"96":0,"97":0,"98":0,"99":0,"100":0,"101":0,"102":0,"103":0,"104":0,"105":1,"106":0,"107":1,"108":0,"109":0,"110":1,"111":0,"112":1,"113":0,"114":1,"115":0,"116":0,"117":0,"118":0,"119":0,"120":0,"121":0,"122":1,"123":0,"124":0,"125":0,"126":0,"127":0,"128":1,"129":0,"130":0,"131":0,"132":0,"133":0,"134":0,"135":0,"136":1,"137":0,"138":0,"139":0,"140":1,"141":0,"142":0,"143":1,"144":0,"145":1,"146":0,"147":1,"148":0,"149":0,"150":0,"151":0,"152":0,"153":0,"154":0,"155":0,"156":0,"157":0,"158":0,"159":0,"160":0,"161":0,"162":0,"163":0,"164":0,"165":0,"166":0,"167":0,"168":0,"169":0,"170":0,"171":0,"172":0,"173":0,"174":0,"175":0,"176":0,"177":0,"178":0,"179":0,"180":0,"181":0,"182":0,"183":0,"184":0,"185":0,"186":0,"187":0,"188":0,"189":0,"190":0,"191":0,"192":1},"b":{"1":[1,0],"2":[0,0],"3":[0,0],"4":[0,0],"5":[0,0],"6":[0,0],"7":[0,0],"8":[0,0],"9":[0,0],"10":[0,0],"11":[0,0],"12":[0,0],"13":[0,0],"14":[0,0],"15":[0,0],"16":[0,0],"17":[0,0,0],"18":[0,0],"19":[0,0],"20":[0,0],"21":[0,0],"22":[0,0],"23":[0,0],"24":[0,0,0]},"f":{"1":1,"2":1,"3":1,"4":1,"5":0,"6":0,"7":0,"8":0,"9":0,"10":0,"11":0,"12":0,"13":0,"14":0,"15":0,"16":0,"17":0,"18":0,"19":0,"20":0,"21":0,"22":0,"23":0,"24":0,"25":0,"26":0,"27":0,"28":0,"29":0,"30":0,"31":0,"32":0},"fnMap":{"1":{"name":"(anonymous_1)","line":1,"loc":{"start":{"line":1,"column":1},"end":{"line":1,"column":12}}},"2":{"name":"(anonymous_2)","line":4,"loc":{"start":{"line":4,"column":13},"end":{"line":4,"column":37}}},"3":{"name":"ctor","line":4,"loc":{"start":{"line":4,"column":124},"end":{"line":4,"column":140}}},"4":{"name":"(anonymous_4)","line":13,"loc":{"start":{"line":13,"column":47},"end":{"line":13,"column":68}}},"5":{"name":"(anonymous_5)","line":59,"loc":{"start":{"line":59,"column":26},"end":{"line":59,"column":45}}},"6":{"name":"(anonymous_6)","line":60,"loc":{"start":{"line":60,"column":29},"end":{"line":60,"column":50}}},"7":{"name":"ArduinoFirmata","line":76,"loc":{"start":{"line":76,"column":4},"end":{"line":76,"column":30}}},"8":{"name":"(anonymous_8)","line":90,"loc":{"start":{"line":90,"column":50},"end":{"line":90,"column":61}}},"9":{"name":"(anonymous_9)","line":94,"loc":{"start":{"line":94,"column":39},"end":{"line":94,"column":71}}},"10":{"name":"(anonymous_10)","line":103,"loc":{"start":{"line":103,"column":29},"end":{"line":103,"column":45}}},"11":{"name":"(anonymous_11)","line":104,"loc":{"start":{"line":104,"column":17},"end":{"line":104,"column":40}}},"12":{"name":"(anonymous_12)","line":110,"loc":{"start":{"line":110,"column":30},"end":{"line":110,"column":41}}},"13":{"name":"(anonymous_13)","line":115,"loc":{"start":{"line":115,"column":27},"end":{"line":115,"column":43}}},"14":{"name":"(anonymous_14)","line":116,"loc":{"start":{"line":116,"column":17},"end":{"line":116,"column":28}}},"15":{"name":"(anonymous_15)","line":130,"loc":{"start":{"line":130,"column":36},"end":{"line":130,"column":52}}},"16":{"name":"(anonymous_16)","line":131,"loc":{"start":{"line":131,"column":15},"end":{"line":131,"column":26}}},"17":{"name":"(anonymous_17)","line":133,"loc":{"start":{"line":133,"column":28},"end":{"line":133,"column":39}}},"18":{"name":"(anonymous_18)","line":137,"loc":{"start":{"line":137,"column":37},"end":{"line":137,"column":55}}},"19":{"name":"(anonymous_19)","line":142,"loc":{"start":{"line":142,"column":45},"end":{"line":142,"column":60}}},"20":{"name":"(anonymous_20)","line":156,"loc":{"start":{"line":156,"column":38},"end":{"line":156,"column":49}}},"21":{"name":"(anonymous_21)","line":160,"loc":{"start":{"line":160,"column":37},"end":{"line":160,"column":56}}},"22":{"name":"(anonymous_22)","line":165,"loc":{"start":{"line":165,"column":37},"end":{"line":165,"column":56}}},"23":{"name":"(anonymous_23)","line":169,"loc":{"start":{"line":169,"column":37},"end":{"line":169,"column":63}}},"24":{"name":"(anonymous_24)","line":173,"loc":{"start":{"line":173,"column":37},"end":{"line":173,"column":71}}},"25":{"name":"(anonymous_25)","line":178,"loc":{"start":{"line":178,"column":22},"end":{"line":178,"column":34}}},"26":{"name":"(anonymous_26)","line":185,"loc":{"start":{"line":185,"column":39},"end":{"line":185,"column":69}}},"27":{"name":"(anonymous_27)","line":196,"loc":{"start":{"line":196,"column":44},"end":{"line":196,"column":75}}},"28":{"name":"(anonymous_28)","line":208,"loc":{"start":{"line":208,"column":43},"end":{"line":208,"column":74}}},"29":{"name":"(anonymous_29)","line":214,"loc":{"start":{"line":214,"column":42},"end":{"line":214,"column":73}}},"30":{"name":"(anonymous_30)","line":219,"loc":{"start":{"line":219,"column":43},"end":{"line":219,"column":57}}},"31":{"name":"(anonymous_31)","line":223,"loc":{"start":{"line":223,"column":42},"end":{"line":223,"column":56}}},"32":{"name":"(anonymous_32)","line":227,"loc":{"start":{"line":227,"column":45},"end":{"line":227,"column":66}}}},"statementMap":{"1":{"start":{"line":1,"column":0},"end":{"line":306,"column":14}},"2":{"start":{"line":3,"column":2},"end":{"line":5,"column":32}},"3":{"start":{"line":4,"column":39},"end":{"line":4,"column":123}},"4":{"start":{"line":4,"column":65},"end":{"line":4,"column":121}},"5":{"start":{"line":4,"column":96},"end":{"line":4,"column":121}},"6":{"start":{"line":4,"column":124},"end":{"line":4,"column":169}},"7":{"start":{"line":4,"column":142},"end":{"line":4,"column":167}},"8":{"start":{"line":4,"column":170},"end":{"line":4,"column":204}},"9":{"start":{"line":4,"column":205},"end":{"line":4,"column":234}},"10":{"start":{"line":4,"column":235},"end":{"line":4,"column":270}},"11":{"start":{"line":4,"column":271},"end":{"line":4,"column":284}},"12":{"start":{"line":7,"column":2},"end":{"line":7,"column":36}},"13":{"start":{"line":9,"column":2},"end":{"line":9,"column":63}},"14":{"start":{"line":11,"column":2},"end":{"line":11,"column":46}},"15":{"start":{"line":13,"column":2},"end":{"line":304,"column":27}},"16":{"start":{"line":14,"column":4},"end":{"line":14,"column":39}},"17":{"start":{"line":16,"column":4},"end":{"line":19,"column":6}},"18":{"start":{"line":21,"column":4},"end":{"line":21,"column":29}},"19":{"start":{"line":23,"column":4},"end":{"line":23,"column":30}},"20":{"start":{"line":25,"column":4},"end":{"line":25,"column":30}},"21":{"start":{"line":27,"column":4},"end":{"line":27,"column":27}},"22":{"start":{"line":29,"column":4},"end":{"line":29,"column":29}},"23":{"start":{"line":31,"column":4},"end":{"line":31,"column":29}},"24":{"start":{"line":33,"column":4},"end":{"line":33,"column":27}},"25":{"start":{"line":35,"column":4},"end":{"line":35,"column":27}},"26":{"start":{"line":37,"column":4},"end":{"line":37,"column":28}},"27":{"start":{"line":39,"column":4},"end":{"line":39,"column":39}},"28":{"start":{"line":41,"column":4},"end":{"line":41,"column":42}},"29":{"start":{"line":43,"column":4},"end":{"line":43,"column":41}},"30":{"start":{"line":45,"column":4},"end":{"line":45,"column":40}},"31":{"start":{"line":47,"column":4},"end":{"line":47,"column":41}},"32":{"start":{"line":49,"column":4},"end":{"line":49,"column":39}},"33":{"start":{"line":51,"column":4},"end":{"line":51,"column":41}},"34":{"start":{"line":53,"column":4},"end":{"line":53,"column":39}},"35":{"start":{"line":55,"column":4},"end":{"line":55,"column":38}},"36":{"start":{"line":57,"column":4},"end":{"line":57,"column":36}},"37":{"start":{"line":59,"column":4},"end":{"line":74,"column":6}},"38":{"start":{"line":60,"column":6},"end":{"line":73,"column":9}},"39":{"start":{"line":61,"column":8},"end":{"line":61,"column":34}},"40":{"start":{"line":62,"column":8},"end":{"line":64,"column":9}},"41":{"start":{"line":63,"column":10},"end":{"line":63,"column":31}},"42":{"start":{"line":65,"column":8},"end":{"line":65,"column":21}},"43":{"start":{"line":66,"column":8},"end":{"line":71,"column":9}},"44":{"start":{"line":67,"column":10},"end":{"line":67,"column":26}},"45":{"start":{"line":68,"column":10},"end":{"line":70,"column":11}},"46":{"start":{"line":69,"column":12},"end":{"line":69,"column":39}},"47":{"start":{"line":72,"column":8},"end":{"line":72,"column":39}},"48":{"start":{"line":76,"column":4},"end":{"line":88,"column":5}},"49":{"start":{"line":77,"column":6},"end":{"line":77,"column":48}},"50":{"start":{"line":78,"column":6},"end":{"line":78,"column":29}},"51":{"start":{"line":79,"column":6},"end":{"line":79,"column":42}},"52":{"start":{"line":80,"column":6},"end":{"line":80,"column":34}},"53":{"start":{"line":81,"column":6},"end":{"line":81,"column":34}},"54":{"start":{"line":82,"column":6},"end":{"line":82,"column":33}},"55":{"start":{"line":83,"column":6},"end":{"line":83,"column":32}},"56":{"start":{"line":84,"column":6},"end":{"line":84,"column":82}},"57":{"start":{"line":85,"column":6},"end":{"line":85,"column":81}},"58":{"start":{"line":86,"column":6},"end":{"line":86,"column":80}},"59":{"start":{"line":87,"column":6},"end":{"line":87,"column":31}},"60":{"start":{"line":90,"column":4},"end":{"line":92,"column":6}},"61":{"start":{"line":91,"column":6},"end":{"line":91,"column":56}},"62":{"start":{"line":94,"column":4},"end":{"line":154,"column":6}},"63":{"start":{"line":95,"column":6},"end":{"line":95,"column":45}},"64":{"start":{"line":96,"column":6},"end":{"line":100,"column":7}},"65":{"start":{"line":97,"column":8},"end":{"line":99,"column":10}},"66":{"start":{"line":101,"column":6},"end":{"line":101,"column":43}},"67":{"start":{"line":102,"column":6},"end":{"line":109,"column":7}},"68":{"start":{"line":103,"column":8},"end":{"line":107,"column":18}},"69":{"start":{"line":104,"column":10},"end":{"line":106,"column":12}},"70":{"start":{"line":105,"column":12},"end":{"line":105,"column":51}},"71":{"start":{"line":108,"column":8},"end":{"line":108,"column":20}},"72":{"start":{"line":110,"column":6},"end":{"line":128,"column":9}},"73":{"start":{"line":111,"column":8},"end":{"line":111,"column":25}},"74":{"start":{"line":112,"column":8},"end":{"line":112,"column":28}},"75":{"start":{"line":113,"column":8},"end":{"line":113,"column":184}},"76":{"start":{"line":114,"column":8},"end":{"line":114,"column":49}},"77":{"start":{"line":115,"column":8},"end":{"line":127,"column":32}},"78":{"start":{"line":116,"column":10},"end":{"line":126,"column":12}},"79":{"start":{"line":117,"column":12},"end":{"line":117,"column":24}},"80":{"start":{"line":118,"column":12},"end":{"line":120,"column":13}},"81":{"start":{"line":119,"column":14},"end":{"line":119,"column":65}},"82":{"start":{"line":121,"column":12},"end":{"line":123,"column":13}},"83":{"start":{"line":122,"column":14},"end":{"line":122,"column":66}},"84":{"start":{"line":124,"column":12},"end":{"line":124,"column":35}},"85":{"start":{"line":125,"column":12},"end":{"line":125,"column":41}},"86":{"start":{"line":129,"column":6},"end":{"line":129,"column":67}},"87":{"start":{"line":130,"column":6},"end":{"line":152,"column":16}},"88":{"start":{"line":131,"column":8},"end":{"line":151,"column":10}},"89":{"start":{"line":132,"column":10},"end":{"line":132,"column":18}},"90":{"start":{"line":133,"column":10},"end":{"line":136,"column":18}},"91":{"start":{"line":134,"column":12},"end":{"line":134,"column":44}},"92":{"start":{"line":135,"column":12},"end":{"line":135,"column":64}},"93":{"start":{"line":137,"column":10},"end":{"line":141,"column":13}},"94":{"start":{"line":138,"column":12},"end":{"line":138,"column":31}},"95":{"start":{"line":139,"column":12},"end":{"line":139,"column":54}},"96":{"start":{"line":140,"column":12},"end":{"line":140,"column":44}},"97":{"start":{"line":142,"column":10},"end":{"line":150,"column":13}},"98":{"start":{"line":143,"column":12},"end":{"line":143,"column":38}},"99":{"start":{"line":144,"column":12},"end":{"line":144,"column":25}},"100":{"start":{"line":145,"column":12},"end":{"line":148,"column":13}},"101":{"start":{"line":146,"column":14},"end":{"line":146,"column":29}},"102":{"start":{"line":147,"column":14},"end":{"line":147,"column":54}},"103":{"start":{"line":149,"column":12},"end":{"line":149,"column":27}},"104":{"start":{"line":153,"column":6},"end":{"line":153,"column":18}},"105":{"start":{"line":156,"column":4},"end":{"line":158,"column":6}},"106":{"start":{"line":157,"column":6},"end":{"line":157,"column":56}},"107":{"start":{"line":160,"column":4},"end":{"line":163,"column":6}},"108":{"start":{"line":161,"column":6},"end":{"line":161,"column":48}},"109":{"start":{"line":162,"column":6},"end":{"line":162,"column":45}},"110":{"start":{"line":165,"column":4},"end":{"line":167,"column":6}},"111":{"start":{"line":166,"column":6},"end":{"line":166,"column":65}},"112":{"start":{"line":169,"column":4},"end":{"line":171,"column":6}},"113":{"start":{"line":170,"column":6},"end":{"line":170,"column":52}},"114":{"start":{"line":173,"column":4},"end":{"line":183,"column":6}},"115":{"start":{"line":174,"column":6},"end":{"line":174,"column":21}},"116":{"start":{"line":175,"column":6},"end":{"line":177,"column":7}},"117":{"start":{"line":176,"column":8},"end":{"line":176,"column":18}},"118":{"start":{"line":178,"column":6},"end":{"line":180,"column":9}},"119":{"start":{"line":179,"column":8},"end":{"line":179,"column":24}},"120":{"start":{"line":181,"column":6},"end":{"line":181,"column":98}},"121":{"start":{"line":182,"column":6},"end":{"line":182,"column":46}},"122":{"start":{"line":185,"column":4},"end":{"line":194,"column":6}},"123":{"start":{"line":186,"column":6},"end":{"line":192,"column":7}},"124":{"start":{"line":188,"column":10},"end":{"line":188,"column":39}},"125":{"start":{"line":189,"column":10},"end":{"line":189,"column":16}},"126":{"start":{"line":191,"column":10},"end":{"line":191,"column":38}},"127":{"start":{"line":193,"column":6},"end":{"line":193,"column":76}},"128":{"start":{"line":196,"column":4},"end":{"line":206,"column":6}},"129":{"start":{"line":197,"column":6},"end":{"line":197,"column":19}},"130":{"start":{"line":198,"column":6},"end":{"line":198,"column":47}},"131":{"start":{"line":199,"column":6},"end":{"line":199,"column":36}},"132":{"start":{"line":200,"column":6},"end":{"line":204,"column":7}},"133":{"start":{"line":201,"column":8},"end":{"line":201,"column":67}},"134":{"start":{"line":203,"column":8},"end":{"line":203,"column":64}},"135":{"start":{"line":205,"column":6},"end":{"line":205,"column":164}},"136":{"start":{"line":208,"column":4},"end":{"line":212,"column":6}},"137":{"start":{"line":209,"column":6},"end":{"line":209,"column":32}},"138":{"start":{"line":210,"column":6},"end":{"line":210,"column":44}},"139":{"start":{"line":211,"column":6},"end":{"line":211,"column":109}},"140":{"start":{"line":214,"column":4},"end":{"line":217,"column":6}},"141":{"start":{"line":215,"column":6},"end":{"line":215,"column":46}},"142":{"start":{"line":216,"column":6},"end":{"line":216,"column":109}},"143":{"start":{"line":219,"column":4},"end":{"line":221,"column":6}},"144":{"start":{"line":220,"column":6},"end":{"line":220,"column":80}},"145":{"start":{"line":223,"column":4},"end":{"line":225,"column":6}},"146":{"start":{"line":224,"column":6},"end":{"line":224,"column":41}},"147":{"start":{"line":227,"column":4},"end":{"line":300,"column":6}},"148":{"start":{"line":228,"column":6},"end":{"line":228,"column":104}},"149":{"start":{"line":229,"column":6},"end":{"line":299,"column":7}},"150":{"start":{"line":230,"column":8},"end":{"line":241,"column":9}},"151":{"start":{"line":231,"column":10},"end":{"line":231,"column":37}},"152":{"start":{"line":232,"column":10},"end":{"line":232,"column":52}},"153":{"start":{"line":233,"column":10},"end":{"line":233,"column":78}},"154":{"start":{"line":234,"column":10},"end":{"line":237,"column":13}},"155":{"start":{"line":239,"column":10},"end":{"line":239,"column":69}},"156":{"start":{"line":240,"column":10},"end":{"line":240,"column":44}},"157":{"start":{"line":242,"column":13},"end":{"line":299,"column":7}},"158":{"start":{"line":243,"column":8},"end":{"line":243,"column":32}},"159":{"start":{"line":244,"column":8},"end":{"line":244,"column":64}},"160":{"start":{"line":245,"column":8},"end":{"line":284,"column":9}},"161":{"start":{"line":246,"column":10},"end":{"line":283,"column":11}},"162":{"start":{"line":248,"column":14},"end":{"line":248,"column":88}},"163":{"start":{"line":249,"column":14},"end":{"line":249,"column":83}},"164":{"start":{"line":250,"column":14},"end":{"line":250,"column":76}},"165":{"start":{"line":251,"column":14},"end":{"line":266,"column":15}},"166":{"start":{"line":252,"column":16},"end":{"line":252,"column":29}},"167":{"start":{"line":253,"column":16},"end":{"line":264,"column":17}},"168":{"start":{"line":254,"column":18},"end":{"line":263,"column":19}},"169":{"start":{"line":255,"column":20},"end":{"line":255,"column":51}},"170":{"start":{"line":256,"column":20},"end":{"line":260,"column":24}},"171":{"start":{"line":262,"column":20},"end":{"line":262,"column":41}},"172":{"start":{"line":265,"column":16},"end":{"line":265,"column":31}},"173":{"start":{"line":267,"column":14},"end":{"line":267,"column":20}},"174":{"start":{"line":269,"column":14},"end":{"line":269,"column":90}},"175":{"start":{"line":270,"column":14},"end":{"line":270,"column":74}},"176":{"start":{"line":271,"column":14},"end":{"line":271,"column":77}},"177":{"start":{"line":272,"column":14},"end":{"line":278,"column":15}},"178":{"start":{"line":273,"column":16},"end":{"line":277,"column":19}},"179":{"start":{"line":279,"column":14},"end":{"line":279,"column":20}},"180":{"start":{"line":281,"column":14},"end":{"line":281,"column":94}},"181":{"start":{"line":282,"column":14},"end":{"line":282,"column":66}},"182":{"start":{"line":286,"column":8},"end":{"line":291,"column":9}},"183":{"start":{"line":287,"column":10},"end":{"line":287,"column":38}},"184":{"start":{"line":288,"column":10},"end":{"line":288,"column":54}},"185":{"start":{"line":290,"column":10},"end":{"line":290,"column":31}},"186":{"start":{"line":292,"column":8},"end":{"line":298,"column":9}},"187":{"start":{"line":293,"column":10},"end":{"line":293,"column":36}},"188":{"start":{"line":294,"column":10},"end":{"line":294,"column":43}},"189":{"start":{"line":295,"column":15},"end":{"line":298,"column":9}},"190":{"start":{"line":296,"column":10},"end":{"line":296,"column":33}},"191":{"start":{"line":297,"column":10},"end":{"line":297,"column":59}},"192":{"start":{"line":302,"column":4},"end":{"line":302,"column":26}}},"branchMap":{"1":{"line":4,"type":"if","locations":[{"start":{"line":4,"column":65},"end":{"line":4,"column":65}},{"start":{"line":4,"column":65},"end":{"line":4,"column":65}}]},"2":{"line":62,"type":"if","locations":[{"start":{"line":62,"column":8},"end":{"line":62,"column":8}},{"start":{"line":62,"column":8},"end":{"line":62,"column":8}}]},"3":{"line":68,"type":"if","locations":[{"start":{"line":68,"column":10},"end":{"line":68,"column":10}},{"start":{"line":68,"column":10},"end":{"line":68,"column":10}}]},"4":{"line":96,"type":"if","locations":[{"start":{"line":96,"column":6},"end":{"line":96,"column":6}},{"start":{"line":96,"column":6},"end":{"line":96,"column":6}}]},"5":{"line":102,"type":"if","locations":[{"start":{"line":102,"column":6},"end":{"line":102,"column":6}},{"start":{"line":102,"column":6},"end":{"line":102,"column":6}}]},"6":{"line":113,"type":"cond-expr","locations":[{"start":{"line":113,"column":52},"end":{"line":113,"column":115}},{"start":{"line":113,"column":120},"end":{"line":113,"column":182}}]},"7":{"line":175,"type":"if","locations":[{"start":{"line":175,"column":6},"end":{"line":175,"column":6}},{"start":{"line":175,"column":6},"end":{"line":175,"column":6}}]},"8":{"line":186,"type":"switch","locations":[{"start":{"line":187,"column":8},"end":{"line":189,"column":16}},{"start":{"line":190,"column":8},"end":{"line":191,"column":38}}]},"9":{"line":200,"type":"if","locations":[{"start":{"line":200,"column":6},"end":{"line":200,"column":6}},{"start":{"line":200,"column":6},"end":{"line":200,"column":6}}]},"10":{"line":200,"type":"binary-expr","locations":[{"start":{"line":200,"column":10},"end":{"line":200,"column":21}},{"start":{"line":200,"column":25},"end":{"line":200,"column":40}}]},"11":{"line":229,"type":"if","locations":[{"start":{"line":229,"column":6},"end":{"line":229,"column":6}},{"start":{"line":229,"column":6},"end":{"line":229,"column":6}}]},"12":{"line":230,"type":"if","locations":[{"start":{"line":230,"column":8},"end":{"line":230,"column":8}},{"start":{"line":230,"column":8},"end":{"line":230,"column":8}}]},"13":{"line":242,"type":"if","locations":[{"start":{"line":242,"column":13},"end":{"line":242,"column":13}},{"start":{"line":242,"column":13},"end":{"line":242,"column":13}}]},"14":{"line":242,"type":"binary-expr","locations":[{"start":{"line":242,"column":17},"end":{"line":242,"column":39}},{"start":{"line":242,"column":43},"end":{"line":242,"column":59}}]},"15":{"line":245,"type":"if","locations":[{"start":{"line":245,"column":8},"end":{"line":245,"column":8}},{"start":{"line":245,"column":8},"end":{"line":245,"column":8}}]},"16":{"line":245,"type":"binary-expr","locations":[{"start":{"line":245,"column":12},"end":{"line":245,"column":49}},{"start":{"line":245,"column":53},"end":{"line":245,"column":77}}]},"17":{"line":246,"type":"switch","locations":[{"start":{"line":247,"column":12},"end":{"line":267,"column":20}},{"start":{"line":268,"column":12},"end":{"line":279,"column":20}},{"start":{"line":280,"column":12},"end":{"line":282,"column":66}}]},"18":{"line":251,"type":"if","locations":[{"start":{"line":251,"column":14},"end":{"line":251,"column":14}},{"start":{"line":251,"column":14},"end":{"line":251,"column":14}}]},"19":{"line":254,"type":"if","locations":[{"start":{"line":254,"column":18},"end":{"line":254,"column":18}},{"start":{"line":254,"column":18},"end":{"line":254,"column":18}}]},"20":{"line":272,"type":"if","locations":[{"start":{"line":272,"column":14},"end":{"line":272,"column":14}},{"start":{"line":272,"column":14},"end":{"line":272,"column":14}}]},"21":{"line":286,"type":"if","locations":[{"start":{"line":286,"column":8},"end":{"line":286,"column":8}},{"start":{"line":286,"column":8},"end":{"line":286,"column":8}}]},"22":{"line":292,"type":"if","locations":[{"start":{"line":292,"column":8},"end":{"line":292,"column":8}},{"start":{"line":292,"column":8},"end":{"line":292,"column":8}}]},"23":{"line":295,"type":"if","locations":[{"start":{"line":295,"column":15},"end":{"line":295,"column":15}},{"start":{"line":295,"column":15},"end":{"line":295,"column":15}}]},"24":{"line":295,"type":"binary-expr","locations":[{"start":{"line":295,"column":19},"end":{"line":295,"column":61}},{"start":{"line":295,"column":65},"end":{"line":295,"column":106}},{"start":{"line":295,"column":110},"end":{"line":295,"column":151}}]}},"code":["(function() {","  'use strict';","  var ArduinoFirmata, SerialPort, debug, events, exports, serialport,","    extend = function(child, parent) { for (var key in parent) { if (hasProp.call(parent, key)) child[key] = parent[key]; } function ctor() { this.constructor = child; } ctor.prototype = parent.prototype; child.prototype = new ctor(); child.__super__ = parent.prototype; return child; },","    hasProp = {}.hasOwnProperty;","","  events = require('eventemitter2');","","  SerialPort = (serialport = require('serialport')).SerialPort;","","  debug = require('debug')('arduino-firmata');","","  exports = module.exports = ArduinoFirmata = (function(superClass) {","    extend(ArduinoFirmata, superClass);","","    ArduinoFirmata.Status = {","      CLOSE: 0,","      OPEN: 1","    };","","    ArduinoFirmata.INPUT = 0;","","    ArduinoFirmata.OUTPUT = 1;","","    ArduinoFirmata.ANALOG = 2;","","    ArduinoFirmata.PWM = 3;","","    ArduinoFirmata.SERVO = 4;","","    ArduinoFirmata.SHIFT = 5;","","    ArduinoFirmata.I2C = 6;","","    ArduinoFirmata.LOW = 0;","","    ArduinoFirmata.HIGH = 1;","","    ArduinoFirmata.MAX_DATA_BYTES = 32;","","    ArduinoFirmata.DIGITAL_MESSAGE = 0x90;","","    ArduinoFirmata.ANALOG_MESSAGE = 0xE0;","","    ArduinoFirmata.REPORT_ANALOG = 0xC0;","","    ArduinoFirmata.REPORT_DIGITAL = 0xD0;","","    ArduinoFirmata.SET_PIN_MODE = 0xF4;","","    ArduinoFirmata.REPORT_VERSION = 0xF9;","","    ArduinoFirmata.SYSTEM_RESET = 0xFF;","","    ArduinoFirmata.START_SYSEX = 0xF0;","","    ArduinoFirmata.END_SYSEX = 0xF7;","","    ArduinoFirmata.list = function(callback) {","      return serialport.list(function(err, ports) {","        var devices, j, len, port;","        if (err) {","          return callback(err);","        }","        devices = [];","        for (j = 0, len = ports.length; j < len; j++) {","          port = ports[j];","          if (/usb|acm|com|ama\\d+/i.test(port.comName)) {","            devices.push(port.comName);","          }","        }","        return callback(null, devices);","      });","    };","","    function ArduinoFirmata() {","      this.status = ArduinoFirmata.Status.CLOSE;","      this.wait_for_data = 0;","      this.execute_multi_byte_command = 0;","      this.multi_byte_channel = 0;","      this.stored_input_data = [];","      this.parsing_sysex = false;","      this.sysex_bytes_read = 0;","      this.digital_output_data = [0, 0, 0, 0, 0, 0, 0, 0, 0, 0, 0, 0, 0, 0, 0, 0];","      this.digital_input_data = [0, 0, 0, 0, 0, 0, 0, 0, 0, 0, 0, 0, 0, 0, 0, 0];","      this.analog_input_data = [0, 0, 0, 0, 0, 0, 0, 0, 0, 0, 0, 0, 0, 0, 0, 0];","      this.boardVersion = null;","    }","","    ArduinoFirmata.prototype.isOldArduinoDevice = function() {","      return /usbserial|USB/.test(this.serialport_name);","    };","","    ArduinoFirmata.prototype.connect = function(serialport_name, opts) {","      this.serialport_name = serialport_name;","      if (opts == null) {","        opts = {","          baudrate: 57600","        };","      }","      opts.parser = serialport.parsers.raw;","      if (!this.serialport_name) {","        ArduinoFirmata.list((function(_this) {","          return function(err, devices) {","            return _this.connect(devices[0], opts);","          };","        })(this));","        return this;","      }","      this.once('boardReady', function() {","        var io_init_wait;","        debug('boardReady');","        io_init_wait = this.isOldArduinoDevice() ? (debug(\"old arduino device found \" + this.serialport_name), 3000) : (debug(\"new arduino device found \" + this.serialport_name), 100);","        debug(\"wait \" + io_init_wait + \"(msec)\");","        return setTimeout((function(_this) {","          return function() {","            var i, j, k;","            for (i = j = 0; j < 6; i = ++j) {","              _this.write([ArduinoFirmata.REPORT_ANALOG | i, 1]);","            }","            for (i = k = 0; k < 2; i = ++k) {","              _this.write([ArduinoFirmata.REPORT_DIGITAL | i, 1]);","            }","            debug('init IO ports');","            return _this.emit('connect');","          };","        })(this), io_init_wait);","      });","      this.serialport = new SerialPort(this.serialport_name, opts);","      this.serialport.once('open', (function(_this) {","        return function() {","          var cid;","          cid = setInterval(function() {","            debug('request REPORT_VERSION');","            return _this.write([ArduinoFirmata.REPORT_VERSION]);","          }, 500);","          _this.once('boardVersion', function(version) {","            clearInterval(cid);","            _this.status = ArduinoFirmata.Status.OPEN;","            return _this.emit('boardReady');","          });","          return _this.serialport.on('data', function(data) {","            var byte, j, len, results;","            results = [];","            for (j = 0, len = data.length; j < len; j++) {","              byte = data[j];","              results.push(_this.process_input(byte));","            }","            return results;","          });","        };","      })(this));","      return this;","    };","","    ArduinoFirmata.prototype.isOpen = function() {","      return this.status === ArduinoFirmata.Status.OPEN;","    };","","    ArduinoFirmata.prototype.close = function(callback) {","      this.status = ArduinoFirmata.Status.CLOSE;","      return this.serialport.close(callback);","    };","","    ArduinoFirmata.prototype.reset = function(callback) {","      return this.write([ArduinoFirmata.SYSTEM_RESET], callback);","    };","","    ArduinoFirmata.prototype.write = function(bytes, callback) {","      return this.serialport.write(bytes, callback);","    };","","    ArduinoFirmata.prototype.sysex = function(command, data, callback) {","      var write_data;","      if (data == null) {","        data = [];","      }","      data = data.map(function(i) {","        return i & 0x7f;","      });","      write_data = [ArduinoFirmata.START_SYSEX, command].concat(data, [ArduinoFirmata.END_SYSEX]);","      return this.write(write_data, callback);","    };","","    ArduinoFirmata.prototype.pinMode = function(pin, mode, callback) {","      switch (mode) {","        case true:","          mode = ArduinoFirmata.OUTPUT;","          break;","        case false:","          mode = ArduinoFirmata.INPUT;","      }","      return this.write([ArduinoFirmata.SET_PIN_MODE, pin, mode], callback);","    };","","    ArduinoFirmata.prototype.digitalWrite = function(pin, value, callback) {","      var port_num;","      this.pinMode(pin, ArduinoFirmata.OUTPUT);","      port_num = (pin >>> 3) & 0x0F;","      if (value === 0 || value === false) {","        this.digital_output_data[port_num] &= ~(1 << (pin & 0x07));","      } else {","        this.digital_output_data[port_num] |= 1 << (pin & 0x07);","      }","      return this.write([ArduinoFirmata.DIGITAL_MESSAGE | port_num, this.digital_output_data[port_num] & 0x7F, this.digital_output_data[port_num] >>> 7], callback);","    };","","    ArduinoFirmata.prototype.analogWrite = function(pin, value, callback) {","      value = Math.floor(value);","      this.pinMode(pin, ArduinoFirmata.PWM);","      return this.write([ArduinoFirmata.ANALOG_MESSAGE | (pin & 0x0F), value & 0x7F, value >>> 7], callback);","    };","","    ArduinoFirmata.prototype.servoWrite = function(pin, angle, callback) {","      this.pinMode(pin, ArduinoFirmata.SERVO);","      return this.write([ArduinoFirmata.ANALOG_MESSAGE | (pin & 0x0F), angle & 0x7F, angle >>> 7], callback);","    };","","    ArduinoFirmata.prototype.digitalRead = function(pin) {","      return ((this.digital_input_data[pin >>> 3] >>> (pin & 0x07)) & 0x01) > 0;","    };","","    ArduinoFirmata.prototype.analogRead = function(pin) {","      return this.analog_input_data[pin];","    };","","    ArduinoFirmata.prototype.process_input = function(input_data) {","      var analog_value, command, diff, i, j, old_analog_value, results, stat, sysex_command, sysex_data;","      if (this.parsing_sysex) {","        if (input_data === ArduinoFirmata.END_SYSEX) {","          this.parsing_sysex = false;","          sysex_command = this.stored_input_data[0];","          sysex_data = this.stored_input_data.slice(1, this.sysex_bytes_read);","          return this.emit('sysex', {","            command: sysex_command,","            data: sysex_data","          });","        } else {","          this.stored_input_data[this.sysex_bytes_read] = input_data;","          return this.sysex_bytes_read += 1;","        }","      } else if (this.wait_for_data > 0 && input_data < 128) {","        this.wait_for_data -= 1;","        this.stored_input_data[this.wait_for_data] = input_data;","        if (this.execute_multi_byte_command !== 0 && this.wait_for_data === 0) {","          switch (this.execute_multi_byte_command) {","            case ArduinoFirmata.DIGITAL_MESSAGE:","              input_data = (this.stored_input_data[0] << 7) + this.stored_input_data[1];","              diff = this.digital_input_data[this.multi_byte_channel] ^ input_data;","              this.digital_input_data[this.multi_byte_channel] = input_data;","              if (this.listeners('digitalChange').length > 0) {","                results = [];","                for (i = j = 0; j <= 13; i = ++j) {","                  if (((0x01 << i) & diff) > 0) {","                    stat = (input_data & diff) > 0;","                    results.push(this.emit('digitalChange', {","                      pin: i + this.multi_byte_channel * 8,","                      value: stat,","                      old_value: !stat","                    }));","                  } else {","                    results.push(void 0);","                  }","                }","                return results;","              }","              break;","            case ArduinoFirmata.ANALOG_MESSAGE:","              analog_value = (this.stored_input_data[0] << 7) + this.stored_input_data[1];","              old_analog_value = this.analogRead(this.multi_byte_channel);","              this.analog_input_data[this.multi_byte_channel] = analog_value;","              if (old_analog_value !== analog_value) {","                return this.emit('analogChange', {","                  pin: this.multi_byte_channel,","                  value: analog_value,","                  old_value: old_analog_value","                });","              }","              break;","            case ArduinoFirmata.REPORT_VERSION:","              this.boardVersion = this.stored_input_data[1] + \".\" + this.stored_input_data[0];","              return this.emit('boardVersion', this.boardVersion);","          }","        }","      } else {","        if (input_data < 0xF0) {","          command = input_data & 0xF0;","          this.multi_byte_channel = input_data & 0x0F;","        } else {","          command = input_data;","        }","        if (command === ArduinoFirmata.START_SYSEX) {","          this.parsing_sysex = true;","          return this.sysex_bytes_read = 0;","        } else if (command === ArduinoFirmata.DIGITAL_MESSAGE || command === ArduinoFirmata.ANALOG_MESSAGE || command === ArduinoFirmata.REPORT_VERSION) {","          this.wait_for_data = 2;","          return this.execute_multi_byte_command = command;","        }","      }","    };","","    return ArduinoFirmata;","","  })(events.EventEmitter2);","","}).call(this);",""],"l":{"1":1,"3":1,"4":1,"7":1,"9":1,"11":1,"13":1,"14":1,"16":1,"21":1,"23":1,"25":1,"27":1,"29":1,"31":1,"33":1,"35":1,"37":1,"39":1,"41":1,"43":1,"45":1,"47":1,"49":1,"51":1,"53":1,"55":1,"57":1,"59":1,"60":0,"61":0,"62":0,"63":0,"65":0,"66":0,"67":0,"68":0,"69":0,"72":0,"76":1,"77":0,"78":0,"79":0,"80":0,"81":0,"82":0,"83":0,"84":0,"85":0,"86":0,"87":0,"90":1,"91":0,"94":1,"95":0,"96":0,"97":0,"101":0,"102":0,"103":0,"104":0,"105":0,"108":0,"110":0,"111":0,"112":0,"113":0,"114":0,"115":0,"116":0,"117":0,"118":0,"119":0,"121":0,"122":0,"124":0,"125":0,"129":0,"130":0,"131":0,"132":0,"133":0,"134":0,"135":0,"137":0,"138":0,"139":0,"140":0,"142":0,"143":0,"144":0,"145":0,"146":0,"147":0,"149":0,"153":0,"156":1,"157":0,"160":1,"161":0,"162":0,"165":1,"166":0,"169":1,"170":0,"173":1,"174":0,"175":0,"176":0,"178":0,"179":0,"181":0,"182":0,"185":1,"186":0,"188":0,"189":0,"191":0,"193":0,"196":1,"197":0,"198":0,"199":0,"200":0,"201":0,"203":0,"205":0,"208":1,"209":0,"210":0,"211":0,"214":1,"215":0,"216":0,"219":1,"220":0,"223":1,"224":0,"227":1,"228":0,"229":0,"230":0,"231":0,"232":0,"233":0,"234":0,"239":0,"240":0,"242":0,"243":0,"244":0,"245":0,"246":0,"248":0,"249":0,"250":0,"251":0,"252":0,"253":0,"254":0,"255":0,"256":0,"262":0,"265":0,"267":0,"269":0,"270":0,"271":0,"272":0,"273":0,"279":0,"281":0,"282":0,"286":0,"287":0,"288":0,"290":0,"292":0,"293":0,"294":0,"295":0,"296":0,"297":0,"302":1}}}